[09:25:12] [ServerMain/ERROR]: [DirectoryProviderSource] Error loading plugin: java.lang.IllegalArgumentException: Directory 'plugins/via.jar' does not contain a paper-plugin.yml or plugin.yml! Could not determine plugin type, cannot load a plugin from it!
java.lang.RuntimeException: java.lang.IllegalArgumentException: Directory 'plugins/via.jar' does not contain a paper-plugin.yml or plugin.yml! Could not determine plugin type, cannot load a plugin from it!
	at io.papermc.paper.plugin.provider.source.FileProviderSource.registerProviders(FileProviderSource.java:70) ~[paper-1.20.4.jar:git-Paper-462]
	at io.papermc.paper.plugin.provider.source.DirectoryProviderSource.registerProviders(DirectoryProviderSource.java:47) ~[paper-1.20.4.jar:git-Paper-462]
	at io.papermc.paper.plugin.provider.source.DirectoryProviderSource.registerProviders(DirectoryProviderSource.java:17) ~[paper-1.20.4.jar:git-Paper-462]
	at io.papermc.paper.plugin.util.EntrypointUtil.registerProvidersFromSource(EntrypointUtil.java:15) ~[paper-1.20.4.jar:git-Paper-462]
	at io.papermc.paper.plugin.PluginInitializerManager.load(PluginInitializerManager.java:101) ~[paper-1.20.4.jar:git-Paper-462]
	at net.minecraft.server.Main.main(Main.java:131) ~[paper-1.20.4.jar:git-Paper-462]
	at org.bukkit.craftbukkit.Main.main(Main.java:326) ~[paper-1.20.4.jar:git-Paper-462]
	at io.papermc.paperclip.Paperclip.lambda$main$0(Paperclip.java:42) ~[app:?]
	at java.lang.Thread.run(Thread.java:1583) ~[?:?]
Caused by: java.lang.IllegalArgumentException: Directory 'plugins/via.jar' does not contain a paper-plugin.yml or plugin.yml! Could not determine plugin type, cannot load a plugin from it!
	... 9 more
[09:25:12] [ServerMain/ERROR]: [DirectoryProviderSource] Error loading plugin: java.lang.IllegalArgumentException: Directory 'plugins/fabric-carpet-1.20.3-1.4.128+v231205.jar' does not contain a paper-plugin.yml or plugin.yml! Could not determine plugin type, cannot load a plugin from it!
java.lang.RuntimeException: java.lang.IllegalArgumentException: Directory 'plugins/fabric-carpet-1.20.3-1.4.128+v231205.jar' does not contain a paper-plugin.yml or plugin.yml! Could not determine plugin type, cannot load a plugin from it!
	at io.papermc.paper.plugin.provider.source.FileProviderSource.registerProviders(FileProviderSource.java:70) ~[paper-1.20.4.jar:git-Paper-462]
	at io.papermc.paper.plugin.provider.source.DirectoryProviderSource.registerProviders(DirectoryProviderSource.java:47) ~[paper-1.20.4.jar:git-Paper-462]
	at io.papermc.paper.plugin.provider.source.DirectoryProviderSource.registerProviders(DirectoryProviderSource.java:17) ~[paper-1.20.4.jar:git-Paper-462]
	at io.papermc.paper.plugin.util.EntrypointUtil.registerProvidersFromSource(EntrypointUtil.java:15) ~[paper-1.20.4.jar:git-Paper-462]
	at io.papermc.paper.plugin.PluginInitializerManager.load(PluginInitializerManager.java:101) ~[paper-1.20.4.jar:git-Paper-462]
	at net.minecraft.server.Main.main(Main.java:131) ~[paper-1.20.4.jar:git-Paper-462]
	at org.bukkit.craftbukkit.Main.main(Main.java:326) ~[paper-1.20.4.jar:git-Paper-462]
	at io.papermc.paperclip.Paperclip.lambda$main$0(Paperclip.java:42) ~[app:?]
	at java.lang.Thread.run(Thread.java:1583) ~[?:?]
Caused by: java.lang.IllegalArgumentException: Directory 'plugins/fabric-carpet-1.20.3-1.4.128+v231205.jar' does not contain a paper-plugin.yml or plugin.yml! Could not determine plugin type, cannot load a plugin from it!
	... 9 more
[09:25:18] [ServerMain/INFO]: Environment: Environment[sessionHost=https://sessionserver.mojang.com, servicesHost=https://api.minecraftservices.com, name=PROD]
[09:25:21] [ServerMain/INFO]: Loaded 1174 recipes
[09:25:22] [ServerMain/INFO]: Loaded 1271 advancements
[09:25:22] [Server thread/INFO]: Starting minecraft server version 1.20.4
[09:25:22] [Server thread/INFO]: Loading properties
[09:25:22] [Server thread/INFO]: This server is running Paper version git-Paper-462 (MC: 1.20.4) (Implementing API version 1.20.4-R0.1-SNAPSHOT) (Git: 00fd87a)
[09:25:24] [Server thread/INFO]: Server Ping Player Sample Count: 12
[09:25:24] [Server thread/INFO]: Using 4 threads for Netty based IO
[09:25:24] [Server thread/WARN]: [!] The timings profiler has been enabled but has been scheduled for removal from Paper in the future.
    We recommend installing the spark profiler as a replacement: https://spark.lucko.me/
    For more information please visit: https://github.com/PaperMC/Paper/issues/8948
[09:25:24] [Server thread/INFO]: [ChunkTaskScheduler] Chunk system is using 1 I/O threads, 1 worker threads, and gen parallelism of 1 threads
[09:25:25] [Server thread/INFO]: Default game type: SURVIVAL
[09:25:25] [Server thread/INFO]: Generating keypair
[09:25:25] [Server thread/INFO]: Starting Minecraft server on *:25565
[09:25:25] [Server thread/INFO]: Using epoll channel type
[09:25:25] [Server thread/INFO]: Paper: Using libdeflate (Linux x86_64) compression from Velocity.
[09:25:25] [Server thread/INFO]: Paper: Using OpenSSL 1.1.x (Linux x86_64) cipher from Velocity.
[09:25:26] [Server thread/INFO]: [ViaVersion] Loading server plugin ViaVersion v4.8.1
[09:25:26] [Server thread/INFO]: [ViaVersion] ViaVersion 4.8.1 is now loaded. Registering protocol transformers and injecting...
[09:25:26] [Via-Mappingloader-0/INFO]: [ViaVersion] Loading block connection mappings ...
[09:25:27] [Via-Mappingloader-0/INFO]: [ViaVersion] Using FastUtil Long2ObjectOpenHashMap for block connections
[09:25:27] [Server thread/INFO]: [ViaBackwards] Loading translations...
[09:25:27] [Server thread/INFO]: [ViaBackwards] Registering protocols...
[09:25:28] [Server thread/INFO]: [playit-gg] Loading server plugin playit-gg v0.1.4
[09:25:28] [Server thread/INFO]: [ViaBackwards] Loading server plugin ViaBackwards v4.8.1
[09:25:28] [Server thread/INFO]: Server permissions file permissions.yml is empty, ignoring it
[09:25:28] [Server thread/WARN]: **** SERVER IS RUNNING IN OFFLINE/INSECURE MODE!
[09:25:28] [Server thread/WARN]: The server will make no attempt to authenticate usernames. Beware.
[09:25:28] [Server thread/WARN]: While this makes the game possible to play without internet access, it also opens up the ability for hackers to connect with any username they choose.
[09:25:28] [Server thread/WARN]: To change this, set "online-mode" to "true" in the server.properties file.
[09:25:28] [Server thread/INFO]: Preparing level "world"
[09:25:28] [Server thread/INFO]: -------- World Settings For [world] --------
[09:25:28] [Server thread/INFO]: View Distance: 10
[09:25:28] [Server thread/INFO]: Simulation Distance: 10
[09:25:28] [Server thread/INFO]: Item Merge Radius: 2.5
[09:25:28] [Server thread/INFO]: Experience Merge Radius: 3.0
[09:25:28] [Server thread/INFO]: Mob Spawn Range: 6
[09:25:28] [Server thread/INFO]: Item Despawn Rate: 6000
[09:25:28] [Server thread/INFO]: Arrow Despawn Rate: 1200 Trident Respawn Rate:1200
[09:25:28] [Server thread/INFO]: Nerfing mobs spawned from spawners: false
[09:25:28] [Server thread/INFO]: Cactus Growth Modifier: 100%
[09:25:28] [Server thread/INFO]: Cane Growth Modifier: 100%
[09:25:28] [Server thread/INFO]: Melon Growth Modifier: 100%
[09:25:28] [Server thread/INFO]: Mushroom Growth Modifier: 100%
[09:25:28] [Server thread/INFO]: Pumpkin Growth Modifier: 100%
[09:25:28] [Server thread/INFO]: Sapling Growth Modifier: 100%
[09:25:28] [Server thread/INFO]: Beetroot Growth Modifier: 100%
[09:25:28] [Server thread/INFO]: Carrot Growth Modifier: 100%
[09:25:28] [Server thread/INFO]: Potato Growth Modifier: 100%
[09:25:28] [Server thread/INFO]: TorchFlower Growth Modifier: 100%
[09:25:28] [Server thread/INFO]: Wheat Growth Modifier: 100%
[09:25:28] [Server thread/INFO]: NetherWart Growth Modifier: 100%
[09:25:28] [Server thread/INFO]: Vine Growth Modifier: 100%
[09:25:28] [Server thread/INFO]: Cocoa Growth Modifier: 100%
[09:25:28] [Server thread/INFO]: Bamboo Growth Modifier: 100%
[09:25:28] [Server thread/INFO]: SweetBerry Growth Modifier: 100%
[09:25:28] [Server thread/INFO]: Kelp Growth Modifier: 100%
[09:25:28] [Server thread/INFO]: TwistingVines Growth Modifier: 100%
[09:25:28] [Server thread/INFO]: WeepingVines Growth Modifier: 100%
[09:25:28] [Server thread/INFO]: CaveVines Growth Modifier: 100%
[09:25:28] [Server thread/INFO]: GlowBerry Growth Modifier: 100%
[09:25:28] [Server thread/INFO]: PitcherPlant Growth Modifier: 100%
[09:25:28] [Server thread/INFO]: Entity Activation Range: An 32 / Mo 32 / Ra 48 / Mi 16 / Tiv true / Isa false
[09:25:28] [Server thread/INFO]: Entity Tracking Range: Pl 48 / An 48 / Mo 48 / Mi 32 / Di 128 / Other 64
[09:25:28] [Server thread/INFO]: Hopper Transfer: 8 Hopper Check: 1 Hopper Amount: 1 Hopper Can Load Chunks: false
[09:25:28] [Server thread/INFO]: Custom Map Seeds:  Village: 10387312 Desert: 14357617 Igloo: 14357618 Jungle: 14357619 Swamp: 14357620 Monument: 10387313 Ocean: 14357621 Shipwreck: 165745295 End City: 10387313 Slime: 987234911 Nether: 30084232 Mansion: 10387319 Fossil: 14357921 Portal: 34222645
[09:25:28] [Server thread/INFO]: Max TNT Explosions: 100
[09:25:28] [Server thread/INFO]: Tile Max Tick Time: 50ms Entity max Tick Time: 50ms
[09:25:28] [Server thread/INFO]: Zombie Aggressive Towards Villager: true
[09:25:28] [Server thread/INFO]: Allow Zombie Pigmen to spawn from portal blocks: true
[09:25:29] [Server thread/INFO]: -------- World Settings For [world_nether] --------
[09:25:29] [Server thread/INFO]: View Distance: 10
[09:25:29] [Server thread/INFO]: Simulation Distance: 10
[09:25:29] [Server thread/INFO]: Item Merge Radius: 2.5
[09:25:29] [Server thread/INFO]: Experience Merge Radius: 3.0
[09:25:29] [Server thread/INFO]: Mob Spawn Range: 6
[09:25:29] [Server thread/INFO]: Item Despawn Rate: 6000
[09:25:29] [Server thread/INFO]: Arrow Despawn Rate: 1200 Trident Respawn Rate:1200
[09:25:29] [Server thread/INFO]: Nerfing mobs spawned from spawners: false
[09:25:29] [Server thread/INFO]: Cactus Growth Modifier: 100%
[09:25:29] [Server thread/INFO]: Cane Growth Modifier: 100%
[09:25:29] [Server thread/INFO]: Melon Growth Modifier: 100%
[09:25:29] [Server thread/INFO]: Mushroom Growth Modifier: 100%
[09:25:29] [Server thread/INFO]: Pumpkin Growth Modifier: 100%
[09:25:29] [Server thread/INFO]: Sapling Growth Modifier: 100%
[09:25:29] [Server thread/INFO]: Beetroot Growth Modifier: 100%
[09:25:29] [Server thread/INFO]: Carrot Growth Modifier: 100%
[09:25:29] [Server thread/INFO]: Potato Growth Modifier: 100%
[09:25:29] [Server thread/INFO]: TorchFlower Growth Modifier: 100%
[09:25:29] [Server thread/INFO]: Wheat Growth Modifier: 100%
[09:25:29] [Server thread/INFO]: NetherWart Growth Modifier: 100%
[09:25:29] [Server thread/INFO]: Vine Growth Modifier: 100%
[09:25:29] [Server thread/INFO]: Cocoa Growth Modifier: 100%
[09:25:29] [Server thread/INFO]: Bamboo Growth Modifier: 100%
[09:25:29] [Server thread/INFO]: SweetBerry Growth Modifier: 100%
[09:25:29] [Server thread/INFO]: Kelp Growth Modifier: 100%
[09:25:29] [Server thread/INFO]: TwistingVines Growth Modifier: 100%
[09:25:29] [Server thread/INFO]: WeepingVines Growth Modifier: 100%
[09:25:29] [Server thread/INFO]: CaveVines Growth Modifier: 100%
[09:25:29] [Server thread/INFO]: GlowBerry Growth Modifier: 100%
[09:25:29] [Server thread/INFO]: PitcherPlant Growth Modifier: 100%
[09:25:29] [Server thread/INFO]: Entity Activation Range: An 32 / Mo 32 / Ra 48 / Mi 16 / Tiv true / Isa false
[09:25:29] [Server thread/INFO]: Entity Tracking Range: Pl 48 / An 48 / Mo 48 / Mi 32 / Di 128 / Other 64
[09:25:29] [Server thread/INFO]: Hopper Transfer: 8 Hopper Check: 1 Hopper Amount: 1 Hopper Can Load Chunks: false
[09:25:29] [Server thread/INFO]: Custom Map Seeds:  Village: 10387312 Desert: 14357617 Igloo: 14357618 Jungle: 14357619 Swamp: 14357620 Monument: 10387313 Ocean: 14357621 Shipwreck: 165745295 End City: 10387313 Slime: 987234911 Nether: 30084232 Mansion: 10387319 Fossil: 14357921 Portal: 34222645
[09:25:29] [Server thread/INFO]: Max TNT Explosions: 100
[09:25:29] [Server thread/INFO]: Tile Max Tick Time: 50ms Entity max Tick Time: 50ms
[09:25:29] [Server thread/INFO]: Zombie Aggressive Towards Villager: true
[09:25:29] [Server thread/INFO]: Allow Zombie Pigmen to spawn from portal blocks: true
[09:25:29] [Server thread/INFO]: -------- World Settings For [world_the_end] --------
[09:25:29] [Server thread/INFO]: View Distance: 10
[09:25:29] [Server thread/INFO]: Simulation Distance: 10
[09:25:29] [Server thread/INFO]: Item Merge Radius: 2.5
[09:25:29] [Server thread/INFO]: Experience Merge Radius: 3.0
[09:25:29] [Server thread/INFO]: Mob Spawn Range: 6
[09:25:29] [Server thread/INFO]: Item Despawn Rate: 6000
[09:25:29] [Server thread/INFO]: Arrow Despawn Rate: 1200 Trident Respawn Rate:1200
[09:25:29] [Server thread/INFO]: Nerfing mobs spawned from spawners: false
[09:25:29] [Server thread/INFO]: Cactus Growth Modifier: 100%
[09:25:29] [Server thread/INFO]: Cane Growth Modifier: 100%
[09:25:29] [Server thread/INFO]: Melon Growth Modifier: 100%
[09:25:29] [Server thread/INFO]: Mushroom Growth Modifier: 100%
[09:25:29] [Server thread/INFO]: Pumpkin Growth Modifier: 100%
[09:25:29] [Server thread/INFO]: Sapling Growth Modifier: 100%
[09:25:29] [Server thread/INFO]: Beetroot Growth Modifier: 100%
[09:25:29] [Server thread/INFO]: Carrot Growth Modifier: 100%
[09:25:29] [Server thread/INFO]: Potato Growth Modifier: 100%
[09:25:29] [Server thread/INFO]: TorchFlower Growth Modifier: 100%
[09:25:29] [Server thread/INFO]: Wheat Growth Modifier: 100%
[09:25:29] [Server thread/INFO]: NetherWart Growth Modifier: 100%
[09:25:29] [Server thread/INFO]: Vine Growth Modifier: 100%
[09:25:29] [Server thread/INFO]: Cocoa Growth Modifier: 100%
[09:25:29] [Server thread/INFO]: Bamboo Growth Modifier: 100%
[09:25:29] [Server thread/INFO]: SweetBerry Growth Modifier: 100%
[09:25:29] [Server thread/INFO]: Kelp Growth Modifier: 100%
[09:25:29] [Server thread/INFO]: TwistingVines Growth Modifier: 100%
[09:25:29] [Server thread/INFO]: WeepingVines Growth Modifier: 100%
[09:25:29] [Server thread/INFO]: CaveVines Growth Modifier: 100%
[09:25:29] [Server thread/INFO]: GlowBerry Growth Modifier: 100%
[09:25:29] [Server thread/INFO]: PitcherPlant Growth Modifier: 100%
[09:25:29] [Server thread/INFO]: Entity Activation Range: An 32 / Mo 32 / Ra 48 / Mi 16 / Tiv true / Isa false
[09:25:29] [Server thread/INFO]: Entity Tracking Range: Pl 48 / An 48 / Mo 48 / Mi 32 / Di 128 / Other 64
[09:25:29] [Server thread/INFO]: Hopper Transfer: 8 Hopper Check: 1 Hopper Amount: 1 Hopper Can Load Chunks: false
[09:25:29] [Server thread/INFO]: Custom Map Seeds:  Village: 10387312 Desert: 14357617 Igloo: 14357618 Jungle: 14357619 Swamp: 14357620 Monument: 10387313 Ocean: 14357621 Shipwreck: 165745295 End City: 10387313 Slime: 987234911 Nether: 30084232 Mansion: 10387319 Fossil: 14357921 Portal: 34222645
[09:25:29] [Server thread/INFO]: Max TNT Explosions: 100
[09:25:29] [Server thread/INFO]: Tile Max Tick Time: 50ms Entity max Tick Time: 50ms
[09:25:29] [Server thread/INFO]: Zombie Aggressive Towards Villager: true
[09:25:29] [Server thread/INFO]: Allow Zombie Pigmen to spawn from portal blocks: true
[09:25:29] [Server thread/INFO]: Preparing start region for dimension minecraft:overworld
[09:25:29] [Server thread/INFO]: Time elapsed: 425 ms
[09:25:29] [Server thread/INFO]: Preparing start region for dimension minecraft:the_nether
[09:25:31] [Server thread/INFO]: Time elapsed: 1512 ms
[09:25:31] [Server thread/INFO]: Preparing start region for dimension minecraft:the_end
[09:25:31] [Server thread/INFO]: Time elapsed: 101 ms
[09:25:31] [Server thread/INFO]: [ViaVersion] Enabling ViaVersion v4.8.1
[09:25:31] [Server thread/INFO]: [ViaVersion] ViaVersion detected server version: Unknown (765) (765)
[09:25:31] [Server thread/WARN]: [ViaVersion] ViaVersion does not have any compatible versions for this server version!
[09:25:31] [Server thread/WARN]: [ViaVersion] Please remember that ViaVersion only adds support for versions newer than the server version.
[09:25:31] [Server thread/WARN]: [ViaVersion] If you need support for older versions you may need to use one or more ViaVersion addons too.
[09:25:31] [Server thread/WARN]: [ViaVersion] In that case please read the ViaVersion resource page carefully or use https://jo0001.github.io/ViaSetup
[09:25:31] [Server thread/WARN]: [ViaVersion] and if you're still unsure, feel free to join our Discord-Server for further assistance.
[09:25:31] [Server thread/INFO]: [playit-gg] Enabling playit-gg v0.1.4
[09:25:32] [Server thread/INFO]: [ViaBackwards] Enabling ViaBackwards v4.8.1
[09:25:32] [Thread-7/INFO]: [gg.playit.minecraft.PlayitKeysSetup] secret key found, checking
[09:25:32] [Thread-7/INFO]: [gg.playit.minecraft.PlayitKeysSetup] check secret
[09:25:32] [Server thread/INFO]: Running delayed init tasks
[09:25:32] [Server thread/INFO]: Done (10.201s)! For help, type "help"
[09:25:32] [Server thread/INFO]: Timings Reset
[09:25:32] [Craft Scheduler Thread - 2 - ViaVersion/INFO]: [ViaVersion] Finished mapping loading, shutting down loader executor!
[09:25:33] [Server thread/WARN]: [ViaVersion] There is a newer plugin version available: 4.9.3, you're on: 4.8.1
[09:25:34] [Thread-7/INFO]: [gg.playit.minecraft.PlayitKeysSetup] found minecraft java tunnel: metal-collaborative.joinmc.link
[09:25:34] [Thread-7/INFO]: [gg.playit.minecraft.PlayitManager] keys and tunnel setup
[09:25:34] [Thread-7/INFO]: playit.gg: tunnel setup
[09:25:34] [Thread-7/INFO]: playit.gg: metal-collaborative.joinmc.link
[09:25:34] [Thread-7/WARN]: [gg.playit.control.ChannelSetup] Got IO error working with :control.playit.gg/2602:fbaf:848:0:0:0:0:1, error : java.net.SocketException: Network is unreachable
[09:25:35] [Thread-7/INFO]: [gg.playit.control.ChannelSetup] request queued, waiting 1 second before resend
[09:25:55] [Server thread/INFO]: Stopping the server
[09:25:55] [Server thread/INFO]: Stopping server
[09:25:55] [Server thread/INFO]: [ViaBackwards] Disabling ViaBackwards v4.8.1
[09:25:55] [Server thread/INFO]: [playit-gg] Disabling playit-gg v0.1.4
[09:25:55] [Server thread/INFO]: [ViaVersion] Disabling ViaVersion v4.8.1
[09:25:55] [Server thread/INFO]: [ViaVersion] ViaVersion is disabling, if this is a reload and you experience issues consider rebooting.
[09:25:55] [Server thread/INFO]: Saving players
[09:25:55] [Server thread/INFO]: Saving worlds
[09:25:55] [Server thread/INFO]: Saving chunks for level 'ServerLevel[world]'/minecraft:overworld
[09:25:55] [Server thread/INFO]: [ChunkHolderManager] Waiting 60s for chunk system to halt for world 'world'
[09:25:55] [Server thread/INFO]: [ChunkHolderManager] Halted chunk system for world 'world'
[09:25:55] [Server thread/INFO]: [ChunkHolderManager] Saving all chunkholders for world 'world'
[09:25:57] [Thread-7/INFO]: [gg.playit.minecraft.PlayitManager] control channel shutdown
[09:25:57] [Server thread/INFO]: [ChunkHolderManager] Saved 529 block chunks, 529 entity chunks, 0 poi chunks in world 'world' in 2.00s
[09:25:57] [Server thread/INFO]: ThreadedAnvilChunkStorage (world): All chunks are saved
[09:25:57] [Server thread/INFO]: Saving chunks for level 'ServerLevel[world_nether]'/minecraft:the_nether
[09:25:57] [Server thread/INFO]: [ChunkHolderManager] Waiting 60s for chunk system to halt for world 'world_nether'
[09:25:57] [Server thread/INFO]: [ChunkHolderManager] Halted chunk system for world 'world_nether'
[09:25:57] [Server thread/INFO]: [ChunkHolderManager] Saving all chunkholders for world 'world_nether'
[09:25:58] [Server thread/INFO]: [ChunkHolderManager] Saved 529 block chunks, 529 entity chunks, 0 poi chunks in world 'world_nether' in 1.00s
[09:25:59] [Server thread/INFO]: ThreadedAnvilChunkStorage (DIM-1): All chunks are saved
[09:25:59] [Server thread/INFO]: Saving chunks for level 'ServerLevel[world_the_end]'/minecraft:the_end
[09:25:59] [Server thread/INFO]: [ChunkHolderManager] Waiting 60s for chunk system to halt for world 'world_the_end'
[09:25:59] [Server thread/INFO]: [ChunkHolderManager] Halted chunk system for world 'world_the_end'
[09:25:59] [Server thread/INFO]: [ChunkHolderManager] Saving all chunkholders for world 'world_the_end'
[09:25:59] [Server thread/INFO]: [ChunkHolderManager] Saved 529 block chunks, 529 entity chunks, 0 poi chunks in world 'world_the_end' in 0.27s
[09:25:59] [Server thread/INFO]: ThreadedAnvilChunkStorage (DIM1): All chunks are saved
[09:25:59] [Server thread/INFO]: ThreadedAnvilChunkStorage: All dimensions are saved
[09:25:59] [Server thread/INFO]: Flushing Chunk IO
[09:25:59] [Server thread/INFO]: Closing Thread Pool
[09:25:59] [Server thread/INFO]: Closing Server
